[0m11:42:33.161653 [debug] [MainThread]: Sending event: {'category': 'dbt', 'action': 'invocation', 'label': 'start', 'context': [<snowplow_tracker.self_describing_json.SelfDescribingJson object at 0x0000021C97907260>, <snowplow_tracker.self_describing_json.SelfDescribingJson object at 0x0000021C97906F90>, <snowplow_tracker.self_describing_json.SelfDescribingJson object at 0x0000021C976F6A20>]}


============================== 11:42:33.187293 | e4ef9dc2-acd4-4e05-ad8e-a1de1356eec6 ==============================
[0m11:42:33.187293 [info ] [MainThread]: Running with dbt=1.11.7
[0m11:42:33.188297 [debug] [MainThread]: running dbt with arguments {'version_check': 'True', 'no_print': 'None', 'static_parser': 'True', 'target_path': 'None', 'warn_error_options': 'WarnErrorOptionsV2(error=[], warn=[], silence=[])', 'printer_width': '80', 'write_json': 'True', 'introspect': 'True', 'log_cache_events': 'False', 'empty': 'None', 'cache_selected_only': 'False', 'fail_fast': 'False', 'debug': 'False', 'log_format': 'default', 'partial_parse': 'True', 'send_anonymous_usage_stats': 'True', 'quiet': 'False', 'warn_error': 'None', 'profiles_dir': 'C:\\Users\\Usuario\\.dbt', 'use_colors': 'True', 'invocation_command': 'dbt init revops_dbt', 'indirect_selection': 'eager', 'use_experimental_parser': 'False', 'log_path': 'logs'}
[0m11:42:33.212972 [info ] [MainThread]: Creating dbt configuration folder at C:\Users\Usuario\.dbt
[0m11:42:33.214973 [debug] [MainThread]: Starter project path: C:\Users\Usuario\revops-analytics-pipeline\.venv\Lib\site-packages\dbt\include\starter_project
[0m11:42:33.252975 [info ] [MainThread]: 
Your new dbt project "revops_dbt" was created!

For more information on how to configure the profiles.yml file,
please consult the dbt documentation here:

  https://docs.getdbt.com/docs/configure-your-profile

One more thing:

Need help? Don't hesitate to reach out to us via GitHub issues or on Slack:

  https://community.getdbt.com/

Happy modeling!

[0m11:42:33.253908 [info ] [MainThread]: Setting up your profile.
[0m11:42:56.756523 [info ] [MainThread]: Profile revops_dbt written to C:\Users\Usuario\.dbt\profiles.yml using target's sample configuration. Once updated, you'll be able to start developing with dbt.
[0m11:42:56.756523 [debug] [MainThread]: Command `dbt init` succeeded at 11:42:56.756523 after 23.82 seconds
[0m11:42:56.756523 [debug] [MainThread]: Sending event: {'category': 'dbt', 'action': 'invocation', 'label': 'end', 'context': [<snowplow_tracker.self_describing_json.SelfDescribingJson object at 0x0000021C97BCEF30>, <snowplow_tracker.self_describing_json.SelfDescribingJson object at 0x0000021C97D8EE70>, <snowplow_tracker.self_describing_json.SelfDescribingJson object at 0x0000021C971E87A0>]}
[0m11:42:56.756523 [debug] [MainThread]: Flushing usage events
[0m11:42:57.647465 [debug] [MainThread]: An error was encountered while trying to flush usage events
